[2018-10-20T16:51:30.444] [INFO] log - 服务器已启动
[2018-10-20T17:45:16.580] [INFO] log - 服务器已启动
[2018-10-20T17:48:15.799] [INFO] log - 服务器已启动
[2018-10-20T17:49:21.064] [INFO] log - 服务器已启动
[2018-10-20T17:50:52.985] [INFO] log - 服务器已启动
[2018-10-20T18:39:43.401] [INFO] log - 服务器已启动
[2018-10-20T18:45:49.909] [INFO] log - 服务器已启动
[2018-10-20T18:53:23.988] [INFO] log - 服务器已启动
[2018-10-20T18:54:17.928] [INFO] log - 服务器已启动
[2018-10-20T18:54:34.769] [INFO] log - 服务器已启动
[2018-10-20T18:55:10.617] [INFO] log - 服务器已启动
[2018-10-20T18:57:08.982] [INFO] log - 服务器已启动
[2018-10-20T19:01:11.383] [INFO] log - 服务器已启动
[2018-10-20T19:07:51.470] [INFO] log - 服务器已启动
[2018-10-20T19:22:04.920] [INFO] log - 服务器已启动
[2018-10-20T19:48:33.880] [INFO] log - 服务器已启动
[2018-10-20T19:50:37.522] [INFO] log - 服务器已启动
[2018-10-20T19:57:05.653] [INFO] log - 服务器已启动
[2018-10-20T20:00:35.685] [INFO] log - 服务器已启动
[2018-10-20T20:01:35.278] [INFO] log - 服务器已启动
[2018-10-20T20:02:11.933] [INFO] log - 服务器已启动
[2018-10-20T20:02:39.034] [INFO] log - 服务器已启动
[2018-10-20T20:04:34.247] [INFO] log - 服务器已启动
[2018-10-20T20:06:23.948] [INFO] log - 服务器已启动
[2018-10-20T20:11:14.037] [INFO] log - 服务器已启动
[2018-10-20T20:13:17.286] [INFO] log - 服务器已启动
[2018-10-20T21:26:51.946] [INFO] log - 服务器已启动
[2018-10-20T21:33:52.243] [INFO] log - 服务器已启动
[2018-10-20T21:39:57.071] [INFO] log - 服务器已启动
[2018-10-20T21:40:01.231] [ERROR] log - { Error: ER_PARSE_ERROR: You have an error in your SQL syntax; check the manual that corresponds to your MySQL server version for the right syntax to use near '?' at line 1
    at Query.Sequence._packetToError (D:\Projects\Cocos\GongZhu\server\node_modules\mysql\lib\protocol\sequences\Sequence.js:47:14)
    at Query.ErrorPacket (D:\Projects\Cocos\GongZhu\server\node_modules\mysql\lib\protocol\sequences\Query.js:77:18)
    at Protocol._parsePacket (D:\Projects\Cocos\GongZhu\server\node_modules\mysql\lib\protocol\Protocol.js:278:23)
    at Parser.write (D:\Projects\Cocos\GongZhu\server\node_modules\mysql\lib\protocol\Parser.js:76:12)
    at Protocol.write (D:\Projects\Cocos\GongZhu\server\node_modules\mysql\lib\protocol\Protocol.js:38:16)
    at Socket.<anonymous> (D:\Projects\Cocos\GongZhu\server\node_modules\mysql\lib\Connection.js:91:28)
    at Socket.<anonymous> (D:\Projects\Cocos\GongZhu\server\node_modules\mysql\lib\Connection.js:502:10)
    at emitOne (events.js:116:13)
    at Socket.emit (events.js:211:7)
    at addChunk (_stream_readable.js:263:12)
    --------------------
    at Protocol._enqueue (D:\Projects\Cocos\GongZhu\server\node_modules\mysql\lib\protocol\Protocol.js:144:48)
    at PoolConnection.query (D:\Projects\Cocos\GongZhu\server\node_modules\mysql\lib\Connection.js:200:25)
    at D:/Projects/Cocos/GongZhu/server/dal/userDal.js:10:24
    at D:/Projects/Cocos/GongZhu/server/dal/db.js:17:13
    at Handshake.onConnect (D:\Projects\Cocos\GongZhu\server\node_modules\mysql\lib\Pool.js:64:7)
    at Handshake.<anonymous> (D:\Projects\Cocos\GongZhu\server\node_modules\mysql\lib\Connection.js:502:10)
    at Handshake._callback (D:\Projects\Cocos\GongZhu\server\node_modules\mysql\lib\Connection.js:468:16)
    at Handshake.Sequence.end (D:\Projects\Cocos\GongZhu\server\node_modules\mysql\lib\protocol\sequences\Sequence.js:83:24)
    at Handshake.Sequence.OkPacket (D:\Projects\Cocos\GongZhu\server\node_modules\mysql\lib\protocol\sequences\Sequence.js:92:8)
    at Protocol._parsePacket (D:\Projects\Cocos\GongZhu\server\node_modules\mysql\lib\protocol\Protocol.js:278:23)
  code: 'ER_PARSE_ERROR',
  errno: 1064,
  sqlMessage: 'You have an error in your SQL syntax; check the manual that corresponds to your MySQL server version for the right syntax to use near \'?\' at line 1',
  sqlState: '42000',
  index: 0,
  sql: 'SELECT * FROM users WHERE unionId = ?;' }
[2018-10-20T21:40:04.364] [ERROR] log - { Error: ER_PARSE_ERROR: You have an error in your SQL syntax; check the manual that corresponds to your MySQL server version for the right syntax to use near '?' at line 1
    at Query.Sequence._packetToError (D:\Projects\Cocos\GongZhu\server\node_modules\mysql\lib\protocol\sequences\Sequence.js:47:14)
    at Query.ErrorPacket (D:\Projects\Cocos\GongZhu\server\node_modules\mysql\lib\protocol\sequences\Query.js:77:18)
    at Protocol._parsePacket (D:\Projects\Cocos\GongZhu\server\node_modules\mysql\lib\protocol\Protocol.js:278:23)
    at Parser.write (D:\Projects\Cocos\GongZhu\server\node_modules\mysql\lib\protocol\Parser.js:76:12)
    at Protocol.write (D:\Projects\Cocos\GongZhu\server\node_modules\mysql\lib\protocol\Protocol.js:38:16)
    at Socket.<anonymous> (D:\Projects\Cocos\GongZhu\server\node_modules\mysql\lib\Connection.js:91:28)
    at Socket.<anonymous> (D:\Projects\Cocos\GongZhu\server\node_modules\mysql\lib\Connection.js:502:10)
    at emitOne (events.js:116:13)
    at Socket.emit (events.js:211:7)
    at addChunk (_stream_readable.js:263:12)
    --------------------
    at Protocol._enqueue (D:\Projects\Cocos\GongZhu\server\node_modules\mysql\lib\protocol\Protocol.js:144:48)
    at PoolConnection.query (D:\Projects\Cocos\GongZhu\server\node_modules\mysql\lib\Connection.js:200:25)
    at D:/Projects/Cocos/GongZhu/server/dal/userDal.js:10:24
    at D:/Projects/Cocos/GongZhu/server/dal/db.js:17:13
    at Ping.onOperationComplete (D:\Projects\Cocos\GongZhu\server\node_modules\mysql\lib\Pool.js:110:5)
    at Ping.<anonymous> (D:\Projects\Cocos\GongZhu\server\node_modules\mysql\lib\Connection.js:502:10)
    at Ping._callback (D:\Projects\Cocos\GongZhu\server\node_modules\mysql\lib\Connection.js:468:16)
    at Ping.Sequence.end (D:\Projects\Cocos\GongZhu\server\node_modules\mysql\lib\protocol\sequences\Sequence.js:83:24)
    at Ping.Sequence.OkPacket (D:\Projects\Cocos\GongZhu\server\node_modules\mysql\lib\protocol\sequences\Sequence.js:92:8)
    at Protocol._parsePacket (D:\Projects\Cocos\GongZhu\server\node_modules\mysql\lib\protocol\Protocol.js:278:23)
  code: 'ER_PARSE_ERROR',
  errno: 1064,
  sqlMessage: 'You have an error in your SQL syntax; check the manual that corresponds to your MySQL server version for the right syntax to use near \'?\' at line 1',
  sqlState: '42000',
  index: 0,
  sql: 'SELECT * FROM users WHERE unionId = ?;' }
[2018-10-20T21:51:47.026] [INFO] log - 服务器已启动
[2018-10-20T21:56:16.326] [INFO] log - 服务器已启动
[2018-10-20T21:57:48.929] [INFO] log - 服务器已启动
[2018-10-20T22:01:29.049] [INFO] log - 服务器已启动
