[2018-10-18T01:12:07.895] [INFO] out - 服务器已启动
[2018-10-18T01:12:07.896] [ERROR] out - 服务器已退出
[2018-10-18T01:15:35.670] [INFO] out - 服务器已启动
[2018-10-18T01:15:41.112] [INFO] out - 当前用户数：1
[2018-10-18T01:15:51.592] [INFO] out - 当前用户数：2
[2018-10-18T01:16:39.314] [INFO] x - 服务器已启动
[2018-10-18T01:16:40.521] [INFO] x - 当前用户数：1
[2018-10-18T10:37:03.378] [INFO] x - 服务器已启动
[2018-10-18T10:37:33.231] [INFO] x - 当前用户数：1
[2018-10-18T10:44:57.650] [INFO] x - 服务器已启动
[2018-10-18T10:45:00.059] [INFO] x - 当前用户数：1
[2018-10-18T10:45:03.137] [INFO] x - 当前用户数：2
[2018-10-18T10:52:31.199] [INFO] x - 服务器已启动
[2018-10-18T10:52:35.812] [INFO] x - 当前用户数：1
[2018-10-18T10:59:42.455] [INFO] x - 服务器已启动
[2018-10-18T10:59:46.683] [INFO] x - 当前用户数：1
[2018-10-18T11:00:22.842] [INFO] x - 当前用户数：2
[2018-10-18T11:01:32.094] [INFO] x - 服务器已启动
[2018-10-18T11:01:39.292] [INFO] x - 当前用户数：1
[2018-10-18T11:02:39.545] [INFO] x - 服务器已启动
[2018-10-18T11:02:47.999] [INFO] x - 当前用户数：1
[2018-10-18T11:03:11.508] [INFO] x - 服务器已启动
[2018-10-18T11:03:13.417] [INFO] x - 当前用户数：1
[2018-10-18T11:03:49.625] [INFO] x - 服务器已启动
[2018-10-18T11:03:53.576] [INFO] x - 当前用户数：1
[2018-10-18T11:20:47.990] [INFO] x - 服务器已启动
[2018-10-18T11:20:53.514] [INFO] x - 当前用户数：1
[2018-10-18T11:21:19.430] [INFO] x - 服务器已启动
[2018-10-18T11:21:21.457] [INFO] x - 当前用户数：1
[2018-10-18T11:21:40.846] [INFO] x - 服务器已启动
[2018-10-18T11:21:43.399] [INFO] x - 当前用户数：1
[2018-10-18T11:24:02.852] [INFO] x - 服务器已启动
[2018-10-18T11:24:09.106] [INFO] x - 当前用户数：1
[2018-10-18T11:24:56.979] [INFO] x - 服务器已启动
[2018-10-18T11:26:17.456] [INFO] x - 服务器已启动
[2018-10-18T11:26:19.752] [INFO] x - 当前用户数：1
[2018-10-18T11:26:21.325] [INFO] x - 当前用户数：0
[2018-10-18T11:26:44.815] [INFO] x - 服务器已启动
[2018-10-18T11:26:48.348] [INFO] x - 当前用户数：1
[2018-10-18T11:26:49.271] [INFO] x - 当前用户数：0
[2018-10-18T11:50:04.424] [INFO] default - 服务器已启动
[2018-10-18T11:50:17.996] [INFO] default - 服务器已启动
[2018-10-18T11:50:25.680] [INFO] default - 服务器已启动
[2018-10-18T11:50:50.034] [INFO] default - 服务器已启动
[2018-10-18T11:51:01.315] [INFO] default - 服务器已启动
[2018-10-18T11:51:17.786] [INFO] default - 服务器已启动
[2018-10-18T11:54:31.458] [INFO] default - 服务器已启动
[2018-10-18T11:55:20.048] [INFO] default - 服务器已启动
[2018-10-18T11:56:10.787] [INFO] default - 服务器已启动
[2018-10-18T11:56:29.746] [INFO] default - 服务器已启动
[2018-10-18T12:15:38.233] [INFO] default - 服务器已启动
[2018-10-18T12:21:13.007] [INFO] log - 服务器已启动
[2018-10-18T12:23:52.244] [INFO] log - 服务器已启动
[2018-10-18T12:26:07.448] [INFO] log - 服务器已启动
[2018-10-18T13:10:43.300] [INFO] log - 服务器已启动
[2018-10-18T14:21:20.754] [INFO] log - 服务器已启动
[2018-10-18T14:26:34.081] [INFO] log - 服务器已启动
[2018-10-18T15:02:54.670] [INFO] log - 服务器已启动
[2018-10-18T16:45:27.215] [INFO] log - 服务器已启动
[2018-10-18T17:04:23.153] [INFO] log - 服务器已启动
[2018-10-18T17:05:28.724] [INFO] log - 服务器已启动
[2018-10-18T17:10:06.534] [INFO] log - 服务器已启动
[2018-10-18T17:11:12.042] [INFO] log - 服务器已启动
[2018-10-18T17:32:23.675] [INFO] log - 服务器已启动
[2018-10-18T17:33:54.752] [INFO] log - 服务器已启动
[2018-10-18T17:38:40.239] [INFO] log - 服务器已启动
[2018-10-18T17:40:11.723] [INFO] log - 服务器已启动
[2018-10-18T17:44:12.574] [INFO] log - 服务器已启动
[2018-10-18T17:55:55.983] [INFO] log - 服务器已启动
[2018-10-18T17:57:05.797] [INFO] log - 服务器已启动
[2018-10-18T18:12:53.740] [INFO] log - 服务器已启动
[2018-10-18T22:05:07.886] [INFO] log - 服务器已启动
[2018-10-18T22:36:43.110] [INFO] log - 服务器已启动
[2018-10-18T23:44:49.892] [INFO] log - 服务器已启动
[2018-10-18T23:48:39.655] [INFO] log - 服务器已启动
